<?xml version="1.0" encoding="UTF-8"?>
<testng-results retried="1" ignored="1" total="12" passed="9" failed="1" skipped="0">
  <reporter-output>
  </reporter-output>
  <suite started-at="2024-10-15T21:18:05 IST" name="Suite" finished-at="2024-10-15T21:19:37 IST" duration-ms="91703">
    <groups>
      <group name="Smoke">
        <method signature="SubscriptionTest.verifyUserIsAbleToSubscribeWithValidEmail()[pri:0, instance:com.demoshop.test.SubscriptionTest@2f01783a]" name="verifyUserIsAbleToSubscribeWithValidEmail" class="com.demoshop.test.SubscriptionTest"/>
        <method signature="E2ECheckoutTest.verifyNewUserRegistersAndCheckoutProduct()[pri:0, instance:com.demoshop.test.E2ECheckoutTest@78fa769e]" name="verifyNewUserRegistersAndCheckoutProduct" class="com.demoshop.test.E2ECheckoutTest"/>
      </group> <!-- Smoke -->
    </groups>
    <test started-at="2024-10-15T21:18:05 IST" name="Search Test" finished-at="2024-10-15T21:18:42 IST" duration-ms="36555">
      <class name="com.demoshop.test.SearchTest">
        <test-method is-config="true" signature="initDriver(java.lang.String)[pri:0, instance:com.demoshop.test.SearchTest@3932c79a]" started-at="2024-10-15T21:18:05 IST" name="initDriver" finished-at="2024-10-15T21:18:25 IST" duration-ms="19850" status="PASS">
          <params>
            <param index="0">
              <value is-null="true"/>
            </param>
          </params>
          <reporter-output>
          </reporter-output>
        </test-method> <!-- initDriver -->
        <test-method signature="verifyUserIsAbletoSearchDesiredProducts()[pri:0, instance:com.demoshop.test.SearchTest@3932c79a]" started-at="2024-10-15T21:18:25 IST" name="verifyUserIsAbletoSearchDesiredProducts" finished-at="2024-10-15T21:18:30 IST" duration-ms="4619" status="PASS">
          <reporter-output>
          </reporter-output>
        </test-method> <!-- verifyUserIsAbletoSearchDesiredProducts -->
        <test-method is-config="true" signature="tearDown()[pri:0, instance:com.demoshop.test.SearchTest@3932c79a]" started-at="2024-10-15T21:18:30 IST" name="tearDown" finished-at="2024-10-15T21:18:41 IST" duration-ms="11842" status="PASS">
          <reporter-output>
          </reporter-output>
        </test-method> <!-- tearDown -->
      </class> <!-- com.demoshop.test.SearchTest -->
    </test> <!-- Search Test -->
    <test started-at="2024-10-15T21:18:05 IST" name="DataProviderRegisteration" finished-at="2024-10-15T21:18:43 IST" duration-ms="37887">
      <class name="com.demoshop.test.RegisterationDP">
        <test-method is-config="true" signature="initDriver(java.lang.String)[pri:0, instance:com.demoshop.test.RegisterationDP@5167f57d]" started-at="2024-10-15T21:18:06 IST" name="initDriver" finished-at="2024-10-15T21:18:24 IST" duration-ms="18014" status="PASS">
          <params>
            <param index="0">
              <value is-null="true"/>
            </param>
          </params>
          <reporter-output>
          </reporter-output>
        </test-method> <!-- initDriver -->
        <test-method signature="verifyUserIsAbleToMultipleRegisterUsingCorrectCreds(java.lang.String,java.lang.String,java.lang.String,java.lang.String)[pri:0, instance:com.demoshop.test.RegisterationDP@5167f57d]" started-at="2024-10-15T21:18:24 IST" name="verifyUserIsAbleToMultipleRegisterUsingCorrectCreds" data-provider="getData" finished-at="2024-10-15T21:18:37 IST" duration-ms="13414" status="PASS">
          <params>
            <param index="0">
              <value>
                <![CDATA[Domingo]]>
              </value>
            </param>
            <param index="1">
              <value>
                <![CDATA[Collier]]>
              </value>
            </param>
            <param index="2">
              <value>
                <![CDATA[heike.wintheiser@gmail.com]]>
              </value>
            </param>
            <param index="3">
              <value>
                <![CDATA[i5z8936s9w0]]>
              </value>
            </param>
          </params>
          <reporter-output>
          </reporter-output>
        </test-method> <!-- verifyUserIsAbleToMultipleRegisterUsingCorrectCreds -->
        <test-method is-config="true" signature="tearDown()[pri:0, instance:com.demoshop.test.RegisterationDP@5167f57d]" started-at="2024-10-15T21:18:37 IST" name="tearDown" finished-at="2024-10-15T21:18:43 IST" duration-ms="5452" status="PASS">
          <reporter-output>
          </reporter-output>
        </test-method> <!-- tearDown -->
      </class> <!-- com.demoshop.test.RegisterationDP -->
    </test> <!-- DataProviderRegisteration -->
    <test started-at="2024-10-15T21:18:05 IST" name="Registeration Test" finished-at="2024-10-15T21:18:50 IST" duration-ms="44587">
      <class name="com.demoshop.test.RegisterationTest">
        <test-method is-config="true" signature="initDriver(java.lang.String)[pri:0, instance:com.demoshop.test.RegisterationTest@50029372]" started-at="2024-10-15T21:18:05 IST" name="initDriver" finished-at="2024-10-15T21:18:27 IST" duration-ms="21499" status="PASS">
          <params>
            <param index="0">
              <value is-null="true"/>
            </param>
          </params>
          <reporter-output>
          </reporter-output>
        </test-method> <!-- initDriver -->
        <test-method signature="verifyUserIsAbleToRegisterUsingCorrectCredsFromExcel()[pri:0, instance:com.demoshop.test.RegisterationTest@50029372]" started-at="2024-10-15T21:18:27 IST" name="verifyUserIsAbleToRegisterUsingCorrectCredsFromExcel" finished-at="2024-10-15T21:18:40 IST" duration-ms="13186" status="PASS">
          <reporter-output>
          </reporter-output>
        </test-method> <!-- verifyUserIsAbleToRegisterUsingCorrectCredsFromExcel -->
        <test-method is-config="true" signature="tearDown()[pri:0, instance:com.demoshop.test.RegisterationTest@50029372]" started-at="2024-10-15T21:18:40 IST" name="tearDown" finished-at="2024-10-15T21:18:50 IST" duration-ms="9783" status="PASS">
          <reporter-output>
          </reporter-output>
        </test-method> <!-- tearDown -->
      </class> <!-- com.demoshop.test.RegisterationTest -->
    </test> <!-- Registeration Test -->
    <test started-at="2024-10-15T21:18:05 IST" name="Excel Registeration" finished-at="2024-10-15T21:19:01 IST" duration-ms="56213">
      <class name="com.demoshop.test.ExcelRegisterationTest">
        <test-method is-config="true" signature="initDriver(java.lang.String)[pri:0, instance:com.demoshop.test.ExcelRegisterationTest@1a5b6f42]" started-at="2024-10-15T21:18:05 IST" name="initDriver" finished-at="2024-10-15T21:18:27 IST" duration-ms="21875" status="PASS">
          <params>
            <param index="0">
              <value is-null="true"/>
            </param>
          </params>
          <reporter-output>
          </reporter-output>
        </test-method> <!-- initDriver -->
        <test-method signature="verifyUserIsAbleToRegisterUsingCorrectCreds()[pri:0, instance:com.demoshop.test.ExcelRegisterationTest@1a5b6f42]" started-at="2024-10-15T21:18:27 IST" name="verifyUserIsAbleToRegisterUsingCorrectCreds" finished-at="2024-10-15T21:18:42 IST" duration-ms="15314" status="PASS">
          <reporter-output>
          </reporter-output>
        </test-method> <!-- verifyUserIsAbleToRegisterUsingCorrectCreds -->
        <test-method is-config="true" signature="tearDown()[pri:0, instance:com.demoshop.test.ExcelRegisterationTest@1a5b6f42]" started-at="2024-10-15T21:18:42 IST" name="tearDown" finished-at="2024-10-15T21:19:01 IST" duration-ms="18918" status="PASS">
          <reporter-output>
          </reporter-output>
        </test-method> <!-- tearDown -->
      </class> <!-- com.demoshop.test.ExcelRegisterationTest -->
    </test> <!-- Excel Registeration -->
    <test started-at="2024-10-15T21:18:44 IST" name="Subscription Test" finished-at="2024-10-15T21:19:05 IST" duration-ms="21456">
      <class name="com.demoshop.test.SubscriptionTest">
        <test-method is-config="true" signature="initDriver(java.lang.String)[pri:0, instance:com.demoshop.test.SubscriptionTest@2f01783a]" started-at="2024-10-15T21:18:44 IST" name="initDriver" finished-at="2024-10-15T21:18:52 IST" duration-ms="7950" status="PASS">
          <params>
            <param index="0">
              <value is-null="true"/>
            </param>
          </params>
          <reporter-output>
          </reporter-output>
        </test-method> <!-- initDriver -->
        <test-method signature="verifyUserIsAbleToSubscribeWithValidEmail()[pri:0, instance:com.demoshop.test.SubscriptionTest@2f01783a]" started-at="2024-10-15T21:18:52 IST" name="verifyUserIsAbleToSubscribeWithValidEmail" finished-at="2024-10-15T21:18:55 IST" duration-ms="2598" status="PASS">
          <reporter-output>
          </reporter-output>
        </test-method> <!-- verifyUserIsAbleToSubscribeWithValidEmail -->
        <test-method is-config="true" signature="tearDown()[pri:0, instance:com.demoshop.test.SubscriptionTest@2f01783a]" started-at="2024-10-15T21:18:55 IST" name="tearDown" finished-at="2024-10-15T21:19:05 IST" duration-ms="10892" status="PASS">
          <reporter-output>
          </reporter-output>
        </test-method> <!-- tearDown -->
      </class> <!-- com.demoshop.test.SubscriptionTest -->
    </test> <!-- Subscription Test -->
    <test started-at="2024-10-15T21:19:05 IST" name="Remove Product Test" finished-at="2024-10-15T21:19:28 IST" duration-ms="22443">
      <class name="com.demoshop.test.RemoveProductTest">
        <test-method is-config="true" signature="initDriver(java.lang.String)[pri:0, instance:com.demoshop.test.RemoveProductTest@76b07f29]" started-at="2024-10-15T21:19:05 IST" name="initDriver" finished-at="2024-10-15T21:19:16 IST" duration-ms="10094" status="PASS">
          <params>
            <param index="0">
              <value is-null="true"/>
            </param>
          </params>
          <reporter-output>
          </reporter-output>
        </test-method> <!-- initDriver -->
        <test-method signature="verifyProductIsRemovedFromCart()[pri:0, instance:com.demoshop.test.RemoveProductTest@76b07f29]" started-at="2024-10-15T21:19:16 IST" name="verifyProductIsRemovedFromCart" finished-at="2024-10-15T21:19:25 IST" duration-ms="9344" status="PASS">
          <reporter-output>
          </reporter-output>
        </test-method> <!-- verifyProductIsRemovedFromCart -->
        <test-method is-config="true" signature="tearDown()[pri:0, instance:com.demoshop.test.RemoveProductTest@76b07f29]" started-at="2024-10-15T21:19:25 IST" name="tearDown" finished-at="2024-10-15T21:19:28 IST" duration-ms="2984" status="PASS">
          <reporter-output>
          </reporter-output>
        </test-method> <!-- tearDown -->
      </class> <!-- com.demoshop.test.RemoveProductTest -->
    </test> <!-- Remove Product Test -->
    <test started-at="2024-10-15T21:18:05 IST" name="Rg DP2" finished-at="2024-10-15T21:19:29 IST" duration-ms="84144">
      <class name="com.demoshop.test.RegisterationDP2">
        <test-method is-config="true" signature="initDriver(java.lang.String)[pri:0, instance:com.demoshop.test.RegisterationDP2@7d9f158f]" started-at="2024-10-15T21:18:06 IST" name="initDriver" finished-at="2024-10-15T21:18:23 IST" duration-ms="16936" status="PASS">
          <params>
            <param index="0">
              <value is-null="true"/>
            </param>
          </params>
          <reporter-output>
          </reporter-output>
        </test-method> <!-- initDriver -->
        <test-method signature="verifyUserIsAbleToMultipleRegisterUsingCorrectCreds(java.util.List)[pri:0, instance:com.demoshop.test.RegisterationDP2@7d9f158f]" started-at="2024-10-15T21:18:23 IST" name="verifyUserIsAbleToMultipleRegisterUsingCorrectCreds" data-provider="getData" finished-at="2024-10-15T21:18:56 IST" duration-ms="33039" status="PASS">
          <params>
            <param index="0">
              <value>
                <![CDATA[[Person [fName=Soraya, lName=Jakubowski, email=lucia.sauer@gmail.com, password=1avrej1l7c, confirmPassword=1avrej1l7c], Person [fName=Melaine, lName=Daugherty, email=henriette.breitenberg@hotmail.com, password=1avrej1l7c, confirmPassword=1avrej1l7c]]]]>
              </value>
            </param>
          </params>
          <reporter-output>
          </reporter-output>
        </test-method> <!-- verifyUserIsAbleToMultipleRegisterUsingCorrectCreds -->
        <test-method is-config="true" signature="tearDown()[pri:0, instance:com.demoshop.test.RegisterationDP2@7d9f158f]" started-at="2024-10-15T21:18:56 IST" name="tearDown" finished-at="2024-10-15T21:19:29 IST" duration-ms="33082" status="PASS">
          <reporter-output>
          </reporter-output>
        </test-method> <!-- tearDown -->
      </class> <!-- com.demoshop.test.RegisterationDP2 -->
    </test> <!-- Rg DP2 -->
    <test started-at="2024-10-15T21:19:01 IST" name="Cart Test" finished-at="2024-10-15T21:19:30 IST" duration-ms="28198">
      <class name="com.demoshop.test.CartTest">
        <test-method is-config="true" signature="initDriver(java.lang.String)[pri:0, instance:com.demoshop.test.CartTest@4e0ae11f]" started-at="2024-10-15T21:19:01 IST" name="initDriver" finished-at="2024-10-15T21:19:08 IST" duration-ms="6134" status="PASS">
          <params>
            <param index="0">
              <value is-null="true"/>
            </param>
          </params>
          <reporter-output>
          </reporter-output>
        </test-method> <!-- initDriver -->
        <test-method signature="verifyUserisAbleToAddCart()[pri:0, instance:com.demoshop.test.CartTest@4e0ae11f]" started-at="2024-10-15T21:19:08 IST" name="verifyUserisAbleToAddCart" finished-at="2024-10-15T21:19:21 IST" duration-ms="12950" status="PASS">
          <reporter-output>
          </reporter-output>
        </test-method> <!-- verifyUserisAbleToAddCart -->
        <test-method is-config="true" signature="tearDown()[pri:0, instance:com.demoshop.test.CartTest@4e0ae11f]" started-at="2024-10-15T21:19:21 IST" name="tearDown" finished-at="2024-10-15T21:19:30 IST" duration-ms="9114" status="PASS">
          <reporter-output>
          </reporter-output>
        </test-method> <!-- tearDown -->
      </class> <!-- com.demoshop.test.CartTest -->
    </test> <!-- Cart Test -->
    <test started-at="2024-10-15T21:18:44 IST" name="Login Test" finished-at="2024-10-15T21:19:30 IST" duration-ms="46005">
      <class name="com.demoshop.test.LoginTest">
        <test-method is-config="true" signature="initDriver(java.lang.String)[pri:0, instance:com.demoshop.test.LoginTest@4a07d605]" started-at="2024-10-15T21:18:44 IST" name="initDriver" finished-at="2024-10-15T21:18:52 IST" duration-ms="8308" status="PASS">
          <params>
            <param index="0">
              <value is-null="true"/>
            </param>
          </params>
          <reporter-output>
          </reporter-output>
        </test-method> <!-- initDriver -->
        <test-method retried="true" signature="verifyUserIsAbleToLoginWithValidCreds()[pri:0, instance:com.demoshop.test.LoginTest@4a07d605]" started-at="2024-10-15T21:18:52 IST" name="verifyUserIsAbleToLoginWithValidCreds" finished-at="2024-10-15T21:18:58 IST" duration-ms="6217" status="SKIP">
          <exception class="java.lang.AssertionError">
            <message>
              <![CDATA[Logged Email is not matching expected [obsqura24@gmail.com] but found [abcd]]]>
            </message>
            <full-stacktrace>
              <![CDATA[java.lang.AssertionError: Logged Email is not matching expected [obsqura24@gmail.com] but found [abcd]
at org.testng.Assert.fail(Assert.java:111)
at org.testng.Assert.failNotEquals(Assert.java:1578)
at org.testng.Assert.assertEqualsImpl(Assert.java:150)
at org.testng.Assert.assertEquals(Assert.java:132)
at org.testng.Assert.assertEquals(Assert.java:656)
at com.demoshop.test.LoginTest.verifyUserIsAbleToLoginWithValidCreds(LoginTest.java:17)
at java.base/jdk.internal.reflect.NativeMethodAccessorImpl.invoke0(Native Method)
at java.base/jdk.internal.reflect.NativeMethodAccessorImpl.invoke(NativeMethodAccessorImpl.java:77)
at java.base/jdk.internal.reflect.DelegatingMethodAccessorImpl.invoke(DelegatingMethodAccessorImpl.java:43)
at java.base/java.lang.reflect.Method.invoke(Method.java:568)
at org.testng.internal.invokers.MethodInvocationHelper.invokeMethod(MethodInvocationHelper.java:139)
at org.testng.internal.invokers.TestInvoker.invokeMethod(TestInvoker.java:664)
at org.testng.internal.invokers.TestInvoker.invokeTestMethod(TestInvoker.java:227)
at org.testng.internal.invokers.MethodRunner.runInSequence(MethodRunner.java:50)
at org.testng.internal.invokers.TestInvoker$MethodInvocationAgent.invoke(TestInvoker.java:957)
at org.testng.internal.invokers.TestInvoker.invokeTestMethods(TestInvoker.java:200)
at org.testng.internal.invokers.TestMethodWorker.invokeTestMethods(TestMethodWorker.java:148)
at org.testng.internal.invokers.TestMethodWorker.run(TestMethodWorker.java:128)
at java.base/java.util.ArrayList.forEach(ArrayList.java:1511)
at org.testng.TestRunner.privateRun(TestRunner.java:848)
at org.testng.TestRunner.run(TestRunner.java:621)
at org.testng.SuiteRunner.runTest(SuiteRunner.java:443)
at org.testng.SuiteRunner$SuiteWorker.run(SuiteRunner.java:481)
at org.testng.internal.thread.ThreadUtil.lambda$execute$0(ThreadUtil.java:58)
at java.base/java.util.concurrent.FutureTask.run(FutureTask.java:264)
at java.base/java.util.concurrent.ThreadPoolExecutor.runWorker(ThreadPoolExecutor.java:1136)
at java.base/java.util.concurrent.ThreadPoolExecutor$Worker.run(ThreadPoolExecutor.java:635)
at java.base/java.lang.Thread.run(Thread.java:842)
]]>
            </full-stacktrace>
          </exception> <!-- java.lang.AssertionError -->
          <reporter-output>
          </reporter-output>
        </test-method> <!-- verifyUserIsAbleToLoginWithValidCreds -->
        <test-method is-config="true" signature="tearDown()[pri:0, instance:com.demoshop.test.LoginTest@4a07d605]" started-at="2024-10-15T21:18:58 IST" name="tearDown" finished-at="2024-10-15T21:19:05 IST" duration-ms="6779" status="PASS">
          <reporter-output>
          </reporter-output>
        </test-method> <!-- tearDown -->
        <test-method is-config="true" signature="initDriver(java.lang.String)[pri:0, instance:com.demoshop.test.LoginTest@4a07d605]" started-at="2024-10-15T21:19:05 IST" name="initDriver" finished-at="2024-10-15T21:19:13 IST" duration-ms="7602" status="PASS">
          <params>
            <param index="0">
              <value is-null="true"/>
            </param>
          </params>
          <reporter-output>
          </reporter-output>
        </test-method> <!-- initDriver -->
        <test-method signature="verifyUserIsAbleToLoginWithValidCreds()[pri:0, instance:com.demoshop.test.LoginTest@4a07d605]" started-at="2024-10-15T21:19:13 IST" name="verifyUserIsAbleToLoginWithValidCreds" finished-at="2024-10-15T21:19:22 IST" duration-ms="9172" status="FAIL">
          <exception class="java.lang.AssertionError">
            <message>
              <![CDATA[Logged Email is not matching expected [obsqura24@gmail.com] but found [abcd]]]>
            </message>
            <full-stacktrace>
              <![CDATA[java.lang.AssertionError: Logged Email is not matching expected [obsqura24@gmail.com] but found [abcd]
at org.testng.Assert.fail(Assert.java:111)
at org.testng.Assert.failNotEquals(Assert.java:1578)
at org.testng.Assert.assertEqualsImpl(Assert.java:150)
at org.testng.Assert.assertEquals(Assert.java:132)
at org.testng.Assert.assertEquals(Assert.java:656)
at com.demoshop.test.LoginTest.verifyUserIsAbleToLoginWithValidCreds(LoginTest.java:17)
at java.base/jdk.internal.reflect.NativeMethodAccessorImpl.invoke0(Native Method)
at java.base/jdk.internal.reflect.NativeMethodAccessorImpl.invoke(NativeMethodAccessorImpl.java:77)
at java.base/jdk.internal.reflect.DelegatingMethodAccessorImpl.invoke(DelegatingMethodAccessorImpl.java:43)
at java.base/java.lang.reflect.Method.invoke(Method.java:568)
at org.testng.internal.invokers.MethodInvocationHelper.invokeMethod(MethodInvocationHelper.java:139)
at org.testng.internal.invokers.TestInvoker.invokeMethod(TestInvoker.java:664)
at org.testng.internal.invokers.TestInvoker.retryFailed(TestInvoker.java:248)
at org.testng.internal.invokers.MethodRunner.runInSequence(MethodRunner.java:62)
at org.testng.internal.invokers.TestInvoker$MethodInvocationAgent.invoke(TestInvoker.java:957)
at org.testng.internal.invokers.TestInvoker.invokeTestMethods(TestInvoker.java:200)
at org.testng.internal.invokers.TestMethodWorker.invokeTestMethods(TestMethodWorker.java:148)
at org.testng.internal.invokers.TestMethodWorker.run(TestMethodWorker.java:128)
at java.base/java.util.ArrayList.forEach(ArrayList.java:1511)
at org.testng.TestRunner.privateRun(TestRunner.java:848)
at org.testng.TestRunner.run(TestRunner.java:621)
at org.testng.SuiteRunner.runTest(SuiteRunner.java:443)
at org.testng.SuiteRunner$SuiteWorker.run(SuiteRunner.java:481)
at org.testng.internal.thread.ThreadUtil.lambda$execute$0(ThreadUtil.java:58)
at java.base/java.util.concurrent.FutureTask.run(FutureTask.java:264)
at java.base/java.util.concurrent.ThreadPoolExecutor.runWorker(ThreadPoolExecutor.java:1136)
at java.base/java.util.concurrent.ThreadPoolExecutor$Worker.run(ThreadPoolExecutor.java:635)
at java.base/java.lang.Thread.run(Thread.java:842)
]]>
            </full-stacktrace>
          </exception> <!-- java.lang.AssertionError -->
          <reporter-output>
          </reporter-output>
        </test-method> <!-- verifyUserIsAbleToLoginWithValidCreds -->
        <test-method is-config="true" signature="tearDown()[pri:0, instance:com.demoshop.test.LoginTest@4a07d605]" started-at="2024-10-15T21:19:22 IST" name="tearDown" finished-at="2024-10-15T21:19:30 IST" duration-ms="7506" status="PASS">
          <reporter-output>
          </reporter-output>
        </test-method> <!-- tearDown -->
      </class> <!-- com.demoshop.test.LoginTest -->
    </test> <!-- Login Test -->
    <test started-at="2024-10-15T21:18:50 IST" name="E2E Test" finished-at="2024-10-15T21:19:37 IST" duration-ms="46895">
      <class name="com.demoshop.test.E2ECheckoutTest">
        <test-method is-config="true" signature="initDriver(java.lang.String)[pri:0, instance:com.demoshop.test.E2ECheckoutTest@78fa769e]" started-at="2024-10-15T21:18:50 IST" name="initDriver" finished-at="2024-10-15T21:19:01 IST" duration-ms="11627" status="PASS">
          <params>
            <param index="0">
              <value is-null="true"/>
            </param>
          </params>
          <reporter-output>
          </reporter-output>
        </test-method> <!-- initDriver -->
        <test-method signature="verifyNewUserRegistersAndCheckoutProduct()[pri:0, instance:com.demoshop.test.E2ECheckoutTest@78fa769e]" started-at="2024-10-15T21:19:01 IST" name="verifyNewUserRegistersAndCheckoutProduct" finished-at="2024-10-15T21:19:36 IST" duration-ms="34450" status="PASS">
          <reporter-output>
          </reporter-output>
        </test-method> <!-- verifyNewUserRegistersAndCheckoutProduct -->
        <test-method is-config="true" signature="tearDown()[pri:0, instance:com.demoshop.test.E2ECheckoutTest@78fa769e]" started-at="2024-10-15T21:19:36 IST" name="tearDown" finished-at="2024-10-15T21:19:37 IST" duration-ms="799" status="PASS">
          <reporter-output>
          </reporter-output>
        </test-method> <!-- tearDown -->
      </class> <!-- com.demoshop.test.E2ECheckoutTest -->
    </test> <!-- E2E Test -->
  </suite> <!-- Suite -->
</testng-results>
